\BOOKMARK [0][-]{chapter*.2}{English Abstract}{}% 1
\BOOKMARK [0][-]{chapter.1}{Los enunciados}{}% 2
\BOOKMARK [1][-]{section.1.1}{Teoremas y demostraciones}{chapter.1}% 3
\BOOKMARK [2][-]{subsection.1.1.1}{Otros enunciados}{section.1.1}% 4
\BOOKMARK [0][-]{chapter*.4}{Introducci\363n}{}% 5
\BOOKMARK [0][-]{chapter*.5}{MQTT}{}% 6
\BOOKMARK [1][-]{section.1.2}{MQTT}{chapter*.5}% 7
\BOOKMARK [1][-]{section.1.3}{Protocolo}{chapter*.5}% 8
\BOOKMARK [1][-]{section.1.4}{Requisitos}{chapter*.5}% 9
\BOOKMARK [2][-]{subsection.1.4.1}{Requisitos funcionales}{section.1.4}% 10
\BOOKMARK [2][-]{subsection.1.4.2}{Requisitos no funcionales}{section.1.4}% 11
\BOOKMARK [2][-]{subsection.1.4.3}{Requisitos arquitect\363nicos}{section.1.4}% 12
\BOOKMARK [2][-]{subsection.1.4.4}{Documentaci\363n}{section.1.4}% 13
\BOOKMARK [1][-]{section.1.5}{Cloud Computing}{chapter*.5}% 14
\BOOKMARK [1][-]{section.1.6}{Problemas}{chapter*.5}% 15
\BOOKMARK [0][-]{chapter*.6}{MQTT-SN}{}% 16
\BOOKMARK [1][-]{section.1.7}{Redes de sensores inal\341mbricas}{chapter*.6}% 17
\BOOKMARK [1][-]{section.1.8}{MQTT-SN}{chapter*.6}% 18
\BOOKMARK [1][-]{section.1.9}{Arquitectura MQTT-SN}{chapter*.6}% 19
\BOOKMARK [1][-]{section.1.10}{Funcionamiento}{chapter*.6}% 20
\BOOKMARK [1][-]{section.1.11}{MQTT vs MQTT-SN}{chapter*.6}% 21
\BOOKMARK [0][-]{chapter*.7}{OpenIoT}{}% 22
\BOOKMARK [1][-]{section.1.12}{Introducci\363n}{chapter*.7}% 23
\BOOKMARK [1][-]{section.1.13}{Plataforma}{chapter*.7}% 24
\BOOKMARK [2][-]{subsection.1.13.1}{Arquitectura}{section.1.13}% 25
\BOOKMARK [2][-]{subsection.1.13.2}{Flujo de datos}{section.1.13}% 26
\BOOKMARK [2][-]{subsection.1.13.3}{Requisitos}{section.1.13}% 27
\BOOKMARK [2][-]{subsection.1.13.4}{Casos de \351xito con la plataforma}{section.1.13}% 28
\BOOKMARK [1][-]{section.1.14}{Problemas}{chapter*.7}% 29
\BOOKMARK [0][-]{chapter*.10}{KAA}{}% 30
\BOOKMARK [1][-]{section.1.15}{Arquitectura}{chapter*.10}% 31
\BOOKMARK [1][-]{section.1.16}{Funcionamiento}{chapter*.10}% 32
\BOOKMARK [1][-]{section.1.17}{Qu\351 ofrece Kaa}{chapter*.10}% 33
\BOOKMARK [2][-]{subsection.1.17.1}{Requisitos funcionales}{section.1.17}% 34
\BOOKMARK [2][-]{subsection.1.17.2}{Requisitos no funcionales}{section.1.17}% 35
\BOOKMARK [2][-]{subsection.1.17.3}{Requisitos arquitect\363nicos}{section.1.17}% 36
\BOOKMARK [1][-]{section.1.18}{Uso de la plataforma}{chapter*.10}% 37
\BOOKMARK [2][-]{subsection.1.18.1}{Instalaci\363n}{section.1.18}% 38
\BOOKMARK [2][-]{subsection.1.18.2}{Partes de la plataforma}{section.1.18}% 39
\BOOKMARK [1][-]{section.1.19}{Casos pr\341cticos}{chapter*.10}% 40
\BOOKMARK [2][-]{subsection.1.19.1}{Encender un LED en la raspberry usando Kaa}{section.1.19}% 41
\BOOKMARK [1][-]{section.1.20}{Ejemplos pr\341cticos}{chapter*.10}% 42
\BOOKMARK [2][-]{subsection.1.20.1}{Perfiles y grupos}{section.1.20}% 43
\BOOKMARK [2][-]{subsection.1.20.2}{Chat mediante eventos}{section.1.20}% 44
\BOOKMARK [1][-]{section.1.21}{Problemas encontrados}{chapter*.10}% 45
